{"name":"Quote Creation","status":"broken","statusDetails":{"known":false,"muted":false,"flaky":false,"message":"javascript error: Failed to execute 'elementsFromPoint' on 'Document': The provided double value is non-finite.\n  (Session info: chrome=89.0.4389.82)\nBuild info: version: '3.141.59', revision: 'e82be7d358', time: '2018-11-14T08:17:03'\nSystem info: host: 'ASTOJANOVIC-IML', ip: '192.168.1.3', os.name: 'Windows 10', os.arch: 'amd64', os.version: '10.0', java.version: '1.8.0_281'\nDriver info: org.openqa.selenium.chrome.ChromeDriver\nCapabilities {acceptInsecureCerts: false, browserName: chrome, browserVersion: 89.0.4389.82, chrome: {chromedriverVersion: 88.0.4324.96 (68dba2d8a0b14..., userDataDir: C:\\Users\\ASTOJA~1.ITH\\AppDa...}, goog:chromeOptions: {debuggerAddress: localhost:61984}, javascriptEnabled: true, networkConnectionEnabled: false, pageLoadStrategy: normal, platform: WINDOWS, platformName: WINDOWS, proxy: Proxy(), setWindowRect: true, strictFileInteractability: false, timeouts: {implicit: 0, pageLoad: 300000, script: 30000}, unhandledPromptBehavior: dismiss and notify, webauthn:extension:largeBlob: true, webauthn:virtualAuthenticators: true}\nSession ID: 3d4a3a8f614df83600f990884ca0f164","trace":"org.openqa.selenium.JavascriptException: javascript error: Failed to execute 'elementsFromPoint' on 'Document': The provided double value is non-finite.\n  (Session info: chrome=89.0.4389.82)\nBuild info: version: '3.141.59', revision: 'e82be7d358', time: '2018-11-14T08:17:03'\nSystem info: host: 'ASTOJANOVIC-IML', ip: '192.168.1.3', os.name: 'Windows 10', os.arch: 'amd64', os.version: '10.0', java.version: '1.8.0_281'\nDriver info: org.openqa.selenium.chrome.ChromeDriver\nCapabilities {acceptInsecureCerts: false, browserName: chrome, browserVersion: 89.0.4389.82, chrome: {chromedriverVersion: 88.0.4324.96 (68dba2d8a0b14..., userDataDir: C:\\Users\\ASTOJA~1.ITH\\AppDa...}, goog:chromeOptions: {debuggerAddress: localhost:61984}, javascriptEnabled: true, networkConnectionEnabled: false, pageLoadStrategy: normal, platform: WINDOWS, platformName: WINDOWS, proxy: Proxy(), setWindowRect: true, strictFileInteractability: false, timeouts: {implicit: 0, pageLoad: 300000, script: 30000}, unhandledPromptBehavior: dismiss and notify, webauthn:extension:largeBlob: true, webauthn:virtualAuthenticators: true}\nSession ID: 3d4a3a8f614df83600f990884ca0f164\r\n\tat sun.reflect.NativeConstructorAccessorImpl.newInstance0(Native Method)\r\n\tat sun.reflect.NativeConstructorAccessorImpl.newInstance(NativeConstructorAccessorImpl.java:62)\r\n\tat sun.reflect.DelegatingConstructorAccessorImpl.newInstance(DelegatingConstructorAccessorImpl.java:45)\r\n\tat java.lang.reflect.Constructor.newInstance(Constructor.java:423)\r\n\tat org.openqa.selenium.remote.http.W3CHttpResponseCodec.createException(W3CHttpResponseCodec.java:187)\r\n\tat org.openqa.selenium.remote.http.W3CHttpResponseCodec.decode(W3CHttpResponseCodec.java:122)\r\n\tat org.openqa.selenium.remote.http.W3CHttpResponseCodec.decode(W3CHttpResponseCodec.java:49)\r\n\tat org.openqa.selenium.remote.HttpCommandExecutor.execute(HttpCommandExecutor.java:158)\r\n\tat org.openqa.selenium.remote.service.DriverCommandExecutor.execute(DriverCommandExecutor.java:83)\r\n\tat org.openqa.selenium.remote.RemoteWebDriver.execute(RemoteWebDriver.java:552)\r\n\tat org.openqa.selenium.remote.RemoteWebDriver.perform(RemoteWebDriver.java:618)\r\n\tat org.openqa.selenium.interactions.Actions$BuiltAction.perform(Actions.java:639)\r\n\tat org.openqa.selenium.interactions.Actions.perform(Actions.java:595)\r\n\tat pages.QuotesPage.searchAndSelectAgencyAdvanced(QuotesPage.java:60)\r\n\tat tests.steps.underwriting.utilities.QuoteCreation.iInitiateANewQuoteForANewCustomerWithLocationIn(QuoteCreation.java:106)\r\n\tat ✽.I initiate a new quote for a new customer with location in \"FL\" \"12th Street, Miami Beach, FL, USA\" \"Miami Beach\" \"33139\"(file:///C:/Users/astojanovic.ITHQ/Desktop/REPO/UWREFF/PURE_CORE6/src/test/java/feature_files/underwriting/utilities/QuoteCreation.feature:14)\r\n"},"stage":"finished","steps":[{"name":"Given  I am logged in to Pure as \"Field\"","status":"passed","statusDetails":{"known":false,"muted":false,"flaky":false},"stage":"finished","steps":[],"attachments":[],"parameters":[],"start":1616061686984,"stop":1616061692268},{"name":"When  I navigate to Quotes","status":"passed","statusDetails":{"known":false,"muted":false,"flaky":false},"stage":"finished","steps":[],"attachments":[],"parameters":[],"start":1616061692269,"stop":1616061693609},{"name":"And  I initiate a new quote for a new customer with location in \"FL\" \"12th Street, Miami Beach, FL, USA\" \"Miami Beach\" \"33139\"","status":"broken","statusDetails":{"known":false,"muted":false,"flaky":false,"message":"javascript error: Failed to execute 'elementsFromPoint' on 'Document': The provided double value is non-finite.\n  (Session info: chrome=89.0.4389.82)\nBuild info: version: '3.141.59', revision: 'e82be7d358', time: '2018-11-14T08:17:03'\nSystem info: host: 'ASTOJANOVIC-IML', ip: '192.168.1.3', os.name: 'Windows 10', os.arch: 'amd64', os.version: '10.0', java.version: '1.8.0_281'\nDriver info: org.openqa.selenium.chrome.ChromeDriver\nCapabilities {acceptInsecureCerts: false, browserName: chrome, browserVersion: 89.0.4389.82, chrome: {chromedriverVersion: 88.0.4324.96 (68dba2d8a0b14..., userDataDir: C:\\Users\\ASTOJA~1.ITH\\AppDa...}, goog:chromeOptions: {debuggerAddress: localhost:61984}, javascriptEnabled: true, networkConnectionEnabled: false, pageLoadStrategy: normal, platform: WINDOWS, platformName: WINDOWS, proxy: Proxy(), setWindowRect: true, strictFileInteractability: false, timeouts: {implicit: 0, pageLoad: 300000, script: 30000}, unhandledPromptBehavior: dismiss and notify, webauthn:extension:largeBlob: true, webauthn:virtualAuthenticators: true}\nSession ID: 3d4a3a8f614df83600f990884ca0f164","trace":"org.openqa.selenium.JavascriptException: javascript error: Failed to execute 'elementsFromPoint' on 'Document': The provided double value is non-finite.\n  (Session info: chrome=89.0.4389.82)\nBuild info: version: '3.141.59', revision: 'e82be7d358', time: '2018-11-14T08:17:03'\nSystem info: host: 'ASTOJANOVIC-IML', ip: '192.168.1.3', os.name: 'Windows 10', os.arch: 'amd64', os.version: '10.0', java.version: '1.8.0_281'\nDriver info: org.openqa.selenium.chrome.ChromeDriver\nCapabilities {acceptInsecureCerts: false, browserName: chrome, browserVersion: 89.0.4389.82, chrome: {chromedriverVersion: 88.0.4324.96 (68dba2d8a0b14..., userDataDir: C:\\Users\\ASTOJA~1.ITH\\AppDa...}, goog:chromeOptions: {debuggerAddress: localhost:61984}, javascriptEnabled: true, networkConnectionEnabled: false, pageLoadStrategy: normal, platform: WINDOWS, platformName: WINDOWS, proxy: Proxy(), setWindowRect: true, strictFileInteractability: false, timeouts: {implicit: 0, pageLoad: 300000, script: 30000}, unhandledPromptBehavior: dismiss and notify, webauthn:extension:largeBlob: true, webauthn:virtualAuthenticators: true}\nSession ID: 3d4a3a8f614df83600f990884ca0f164\r\n\tat sun.reflect.NativeConstructorAccessorImpl.newInstance0(Native Method)\r\n\tat sun.reflect.NativeConstructorAccessorImpl.newInstance(NativeConstructorAccessorImpl.java:62)\r\n\tat sun.reflect.DelegatingConstructorAccessorImpl.newInstance(DelegatingConstructorAccessorImpl.java:45)\r\n\tat java.lang.reflect.Constructor.newInstance(Constructor.java:423)\r\n\tat org.openqa.selenium.remote.http.W3CHttpResponseCodec.createException(W3CHttpResponseCodec.java:187)\r\n\tat org.openqa.selenium.remote.http.W3CHttpResponseCodec.decode(W3CHttpResponseCodec.java:122)\r\n\tat org.openqa.selenium.remote.http.W3CHttpResponseCodec.decode(W3CHttpResponseCodec.java:49)\r\n\tat org.openqa.selenium.remote.HttpCommandExecutor.execute(HttpCommandExecutor.java:158)\r\n\tat org.openqa.selenium.remote.service.DriverCommandExecutor.execute(DriverCommandExecutor.java:83)\r\n\tat org.openqa.selenium.remote.RemoteWebDriver.execute(RemoteWebDriver.java:552)\r\n\tat org.openqa.selenium.remote.RemoteWebDriver.perform(RemoteWebDriver.java:618)\r\n\tat org.openqa.selenium.interactions.Actions$BuiltAction.perform(Actions.java:639)\r\n\tat org.openqa.selenium.interactions.Actions.perform(Actions.java:595)\r\n\tat pages.QuotesPage.searchAndSelectAgencyAdvanced(QuotesPage.java:60)\r\n\tat tests.steps.underwriting.utilities.QuoteCreation.iInitiateANewQuoteForANewCustomerWithLocationIn(QuoteCreation.java:106)\r\n\tat ✽.I initiate a new quote for a new customer with location in \"FL\" \"12th Street, Miami Beach, FL, USA\" \"Miami Beach\" \"33139\"(file:///C:/Users/astojanovic.ITHQ/Desktop/REPO/UWREFF/PURE_CORE6/src/test/java/feature_files/underwriting/utilities/QuoteCreation.feature:14)\r\n"},"stage":"finished","steps":[],"attachments":[],"parameters":[],"start":1616061693611,"stop":1616061696596},{"name":"And  I create a quote","status":"skipped","statusDetails":{"known":false,"muted":false,"flaky":false},"stage":"finished","steps":[],"attachments":[],"parameters":[],"start":1616061696597,"stop":1616061696597},{"name":"And  I accept underwriting referrals","status":"skipped","statusDetails":{"known":false,"muted":false,"flaky":false},"stage":"finished","steps":[],"attachments":[],"parameters":[],"start":1616061696598,"stop":1616061696598},{"name":"And  I create required forms","status":"skipped","statusDetails":{"known":false,"muted":false,"flaky":false},"stage":"finished","steps":[],"attachments":[],"parameters":[],"start":1616061696599,"stop":1616061696599}],"attachments":[],"parameters":[{"name":"subrole","value":"Field"},{"name":"state","value":"FL"},{"name":"primaryAddress","value":"12th Street, Miami Beach, FL, USA"},{"name":"city","value":"Miami Beach"},{"name":"zip","value":"33139"}],"start":1616061685597,"stop":1616061697244,"uuid":"5a7eee5e-ff47-4d38-859d-47f33b8a20e8","historyId":"d39ecf7420ce1045bf268fbc7a7bb5","fullName":"Quote Creation: Quote Creation","labels":[{"name":"tag","value":"Underwriting"},{"name":"tag","value":"QuoteCreation"},{"name":"host","value":"ASTOJANOVIC-IML"},{"name":"thread","value":"9248@ASTOJANOVIC-IML.pool-1-thread-1(17)"},{"name":"feature","value":"Quote Creation"},{"name":"story","value":"Quote Creation"},{"name":"suite","value":"Quote Creation"},{"name":"testClass","value":"Quote Creation"},{"name":"framework","value":"cucumber4jvm"},{"name":"language","value":"java"},{"name":"gherkin_uri","value":"file:///C:/Users/astojanovic.ITHQ/Desktop/REPO/UWREFF/PURE_CORE6/src/test/java/feature_files/underwriting/utilities/QuoteCreation.feature"},{"name":"package","value":"src.test.java.feature_files.underwriting.utilities.QuoteCreation_feature.Quote Creation"}],"links":[]}