{"name":"Quote Creation","status":"broken","statusDetails":{"known":false,"muted":false,"flaky":false,"message":"no such element: Unable to locate element: {\"method\":\"xpath\",\"selector\":\"//div[text()='Admitted or Surplus Lines:']/../../../..//input\"}\n  (Session info: chrome=88.0.4324.182)\nFor documentation on this error, please visit: https://www.seleniumhq.org/exceptions/no_such_element.html\nBuild info: version: '3.141.59', revision: 'e82be7d358', time: '2018-11-14T08:17:03'\nSystem info: host: 'ASTOJANOVIC-IML', ip: '192.168.1.3', os.name: 'Windows 10', os.arch: 'amd64', os.version: '10.0', java.version: '1.8.0_281'\nDriver info: org.openqa.selenium.chrome.ChromeDriver\nCapabilities {acceptInsecureCerts: false, browserName: chrome, browserVersion: 88.0.4324.182, chrome: {chromedriverVersion: 88.0.4324.96 (68dba2d8a0b14..., userDataDir: C:\\Users\\ASTOJA~1.ITH\\AppDa...}, goog:chromeOptions: {debuggerAddress: localhost:57457}, javascriptEnabled: true, networkConnectionEnabled: false, pageLoadStrategy: normal, platform: WINDOWS, platformName: WINDOWS, proxy: Proxy(), setWindowRect: true, strictFileInteractability: false, timeouts: {implicit: 0, pageLoad: 300000, script: 30000}, unhandledPromptBehavior: dismiss and notify, webauthn:extension:largeBlob: true, webauthn:virtualAuthenticators: true}\nSession ID: 4fb7a850bca9e8aedec6f044041a261d\n*** Element info: {Using=xpath, value=//div[text()='Admitted or Surplus Lines:']/../../../..//input}","trace":"org.openqa.selenium.NoSuchElementException: no such element: Unable to locate element: {\"method\":\"xpath\",\"selector\":\"//div[text()='Admitted or Surplus Lines:']/../../../..//input\"}\n  (Session info: chrome=88.0.4324.182)\nFor documentation on this error, please visit: https://www.seleniumhq.org/exceptions/no_such_element.html\nBuild info: version: '3.141.59', revision: 'e82be7d358', time: '2018-11-14T08:17:03'\nSystem info: host: 'ASTOJANOVIC-IML', ip: '192.168.1.3', os.name: 'Windows 10', os.arch: 'amd64', os.version: '10.0', java.version: '1.8.0_281'\nDriver info: org.openqa.selenium.chrome.ChromeDriver\nCapabilities {acceptInsecureCerts: false, browserName: chrome, browserVersion: 88.0.4324.182, chrome: {chromedriverVersion: 88.0.4324.96 (68dba2d8a0b14..., userDataDir: C:\\Users\\ASTOJA~1.ITH\\AppDa...}, goog:chromeOptions: {debuggerAddress: localhost:57457}, javascriptEnabled: true, networkConnectionEnabled: false, pageLoadStrategy: normal, platform: WINDOWS, platformName: WINDOWS, proxy: Proxy(), setWindowRect: true, strictFileInteractability: false, timeouts: {implicit: 0, pageLoad: 300000, script: 30000}, unhandledPromptBehavior: dismiss and notify, webauthn:extension:largeBlob: true, webauthn:virtualAuthenticators: true}\nSession ID: 4fb7a850bca9e8aedec6f044041a261d\n*** Element info: {Using=xpath, value=//div[text()='Admitted or Surplus Lines:']/../../../..//input}\r\n\tat sun.reflect.NativeConstructorAccessorImpl.newInstance0(Native Method)\r\n\tat sun.reflect.NativeConstructorAccessorImpl.newInstance(NativeConstructorAccessorImpl.java:62)\r\n\tat sun.reflect.DelegatingConstructorAccessorImpl.newInstance(DelegatingConstructorAccessorImpl.java:45)\r\n\tat java.lang.reflect.Constructor.newInstance(Constructor.java:423)\r\n\tat org.openqa.selenium.remote.http.W3CHttpResponseCodec.createException(W3CHttpResponseCodec.java:187)\r\n\tat org.openqa.selenium.remote.http.W3CHttpResponseCodec.decode(W3CHttpResponseCodec.java:122)\r\n\tat org.openqa.selenium.remote.http.W3CHttpResponseCodec.decode(W3CHttpResponseCodec.java:49)\r\n\tat org.openqa.selenium.remote.HttpCommandExecutor.execute(HttpCommandExecutor.java:158)\r\n\tat org.openqa.selenium.remote.service.DriverCommandExecutor.execute(DriverCommandExecutor.java:83)\r\n\tat org.openqa.selenium.remote.RemoteWebDriver.execute(RemoteWebDriver.java:552)\r\n\tat org.openqa.selenium.remote.RemoteWebDriver.findElement(RemoteWebDriver.java:323)\r\n\tat org.openqa.selenium.remote.RemoteWebDriver.findElementByXPath(RemoteWebDriver.java:428)\r\n\tat org.openqa.selenium.By$ByXPath.findElement(By.java:353)\r\n\tat org.openqa.selenium.remote.RemoteWebDriver.findElement(RemoteWebDriver.java:315)\r\n\tat org.openqa.selenium.support.pagefactory.DefaultElementLocator.findElement(DefaultElementLocator.java:69)\r\n\tat org.openqa.selenium.support.pagefactory.internal.LocatingElementHandler.invoke(LocatingElementHandler.java:38)\r\n\tat com.sun.proxy.$Proxy19.clear(Unknown Source)\r\n\tat pages.QuoteBasicInformationPage.selectAdmittedOrSurplus(QuoteBasicInformationPage.java:155)\r\n\tat pages.QuoteBasicInformationPage.initiateQuote(QuoteBasicInformationPage.java:98)\r\n\tat tests.steps.underwriting.utilities.QuoteCreation.iInitiateANewQuoteForANewCustomerWithLocationIn(QuoteCreation.java:113)\r\n\tat ✽.I initiate a new quote for a new customer with location in \"FL\" \"12th Street, Miami Beach, FL, USA\" \"Miami Beach\" \"33139\"(file:///C:/Users/astojanovic.ITHQ/Desktop/REPO/UWREFF/PURE_DEMO/src/test/java/feature_files/underwriting/utilities/QuoteCreation.feature:14)\r\n"},"stage":"finished","steps":[{"name":"Given  I am logged in to Pure as \"Field\"","status":"passed","statusDetails":{"known":false,"muted":false,"flaky":false},"stage":"finished","steps":[],"attachments":[],"parameters":[],"start":1614197314696,"stop":1614197319624},{"name":"When  I navigate to Quotes","status":"passed","statusDetails":{"known":false,"muted":false,"flaky":false},"stage":"finished","steps":[],"attachments":[],"parameters":[],"start":1614197319624,"stop":1614197320640},{"name":"And  I initiate a new quote for a new customer with location in \"FL\" \"12th Street, Miami Beach, FL, USA\" \"Miami Beach\" \"33139\"","status":"broken","statusDetails":{"known":false,"muted":false,"flaky":false,"message":"no such element: Unable to locate element: {\"method\":\"xpath\",\"selector\":\"//div[text()='Admitted or Surplus Lines:']/../../../..//input\"}\n  (Session info: chrome=88.0.4324.182)\nFor documentation on this error, please visit: https://www.seleniumhq.org/exceptions/no_such_element.html\nBuild info: version: '3.141.59', revision: 'e82be7d358', time: '2018-11-14T08:17:03'\nSystem info: host: 'ASTOJANOVIC-IML', ip: '192.168.1.3', os.name: 'Windows 10', os.arch: 'amd64', os.version: '10.0', java.version: '1.8.0_281'\nDriver info: org.openqa.selenium.chrome.ChromeDriver\nCapabilities {acceptInsecureCerts: false, browserName: chrome, browserVersion: 88.0.4324.182, chrome: {chromedriverVersion: 88.0.4324.96 (68dba2d8a0b14..., userDataDir: C:\\Users\\ASTOJA~1.ITH\\AppDa...}, goog:chromeOptions: {debuggerAddress: localhost:57457}, javascriptEnabled: true, networkConnectionEnabled: false, pageLoadStrategy: normal, platform: WINDOWS, platformName: WINDOWS, proxy: Proxy(), setWindowRect: true, strictFileInteractability: false, timeouts: {implicit: 0, pageLoad: 300000, script: 30000}, unhandledPromptBehavior: dismiss and notify, webauthn:extension:largeBlob: true, webauthn:virtualAuthenticators: true}\nSession ID: 4fb7a850bca9e8aedec6f044041a261d\n*** Element info: {Using=xpath, value=//div[text()='Admitted or Surplus Lines:']/../../../..//input}","trace":"org.openqa.selenium.NoSuchElementException: no such element: Unable to locate element: {\"method\":\"xpath\",\"selector\":\"//div[text()='Admitted or Surplus Lines:']/../../../..//input\"}\n  (Session info: chrome=88.0.4324.182)\nFor documentation on this error, please visit: https://www.seleniumhq.org/exceptions/no_such_element.html\nBuild info: version: '3.141.59', revision: 'e82be7d358', time: '2018-11-14T08:17:03'\nSystem info: host: 'ASTOJANOVIC-IML', ip: '192.168.1.3', os.name: 'Windows 10', os.arch: 'amd64', os.version: '10.0', java.version: '1.8.0_281'\nDriver info: org.openqa.selenium.chrome.ChromeDriver\nCapabilities {acceptInsecureCerts: false, browserName: chrome, browserVersion: 88.0.4324.182, chrome: {chromedriverVersion: 88.0.4324.96 (68dba2d8a0b14..., userDataDir: C:\\Users\\ASTOJA~1.ITH\\AppDa...}, goog:chromeOptions: {debuggerAddress: localhost:57457}, javascriptEnabled: true, networkConnectionEnabled: false, pageLoadStrategy: normal, platform: WINDOWS, platformName: WINDOWS, proxy: Proxy(), setWindowRect: true, strictFileInteractability: false, timeouts: {implicit: 0, pageLoad: 300000, script: 30000}, unhandledPromptBehavior: dismiss and notify, webauthn:extension:largeBlob: true, webauthn:virtualAuthenticators: true}\nSession ID: 4fb7a850bca9e8aedec6f044041a261d\n*** Element info: {Using=xpath, value=//div[text()='Admitted or Surplus Lines:']/../../../..//input}\r\n\tat sun.reflect.NativeConstructorAccessorImpl.newInstance0(Native Method)\r\n\tat sun.reflect.NativeConstructorAccessorImpl.newInstance(NativeConstructorAccessorImpl.java:62)\r\n\tat sun.reflect.DelegatingConstructorAccessorImpl.newInstance(DelegatingConstructorAccessorImpl.java:45)\r\n\tat java.lang.reflect.Constructor.newInstance(Constructor.java:423)\r\n\tat org.openqa.selenium.remote.http.W3CHttpResponseCodec.createException(W3CHttpResponseCodec.java:187)\r\n\tat org.openqa.selenium.remote.http.W3CHttpResponseCodec.decode(W3CHttpResponseCodec.java:122)\r\n\tat org.openqa.selenium.remote.http.W3CHttpResponseCodec.decode(W3CHttpResponseCodec.java:49)\r\n\tat org.openqa.selenium.remote.HttpCommandExecutor.execute(HttpCommandExecutor.java:158)\r\n\tat org.openqa.selenium.remote.service.DriverCommandExecutor.execute(DriverCommandExecutor.java:83)\r\n\tat org.openqa.selenium.remote.RemoteWebDriver.execute(RemoteWebDriver.java:552)\r\n\tat org.openqa.selenium.remote.RemoteWebDriver.findElement(RemoteWebDriver.java:323)\r\n\tat org.openqa.selenium.remote.RemoteWebDriver.findElementByXPath(RemoteWebDriver.java:428)\r\n\tat org.openqa.selenium.By$ByXPath.findElement(By.java:353)\r\n\tat org.openqa.selenium.remote.RemoteWebDriver.findElement(RemoteWebDriver.java:315)\r\n\tat org.openqa.selenium.support.pagefactory.DefaultElementLocator.findElement(DefaultElementLocator.java:69)\r\n\tat org.openqa.selenium.support.pagefactory.internal.LocatingElementHandler.invoke(LocatingElementHandler.java:38)\r\n\tat com.sun.proxy.$Proxy19.clear(Unknown Source)\r\n\tat pages.QuoteBasicInformationPage.selectAdmittedOrSurplus(QuoteBasicInformationPage.java:155)\r\n\tat pages.QuoteBasicInformationPage.initiateQuote(QuoteBasicInformationPage.java:98)\r\n\tat tests.steps.underwriting.utilities.QuoteCreation.iInitiateANewQuoteForANewCustomerWithLocationIn(QuoteCreation.java:113)\r\n\tat ✽.I initiate a new quote for a new customer with location in \"FL\" \"12th Street, Miami Beach, FL, USA\" \"Miami Beach\" \"33139\"(file:///C:/Users/astojanovic.ITHQ/Desktop/REPO/UWREFF/PURE_DEMO/src/test/java/feature_files/underwriting/utilities/QuoteCreation.feature:14)\r\n"},"stage":"finished","steps":[],"attachments":[],"parameters":[],"start":1614197320641,"stop":1614197358299},{"name":"And  I create a quote","status":"skipped","statusDetails":{"known":false,"muted":false,"flaky":false},"stage":"finished","steps":[],"attachments":[],"parameters":[],"start":1614197358300,"stop":1614197358301}],"attachments":[],"parameters":[{"name":"subrole","value":"Field"},{"name":"state","value":"FL"},{"name":"primaryAddress","value":"12th Street, Miami Beach, FL, USA"},{"name":"city","value":"Miami Beach"},{"name":"zip","value":"33139"}],"start":1614197313353,"stop":1614197358992,"uuid":"d9dfcd0f-e4b7-4408-b1f8-03f71ccebc53","historyId":"b1cddab92494a6cb4d490b6646336f1d","fullName":"Quote Creation: Quote Creation","labels":[{"name":"tag","value":"Underwriting"},{"name":"tag","value":"QuoteCreation"},{"name":"host","value":"ASTOJANOVIC-IML"},{"name":"thread","value":"7260@ASTOJANOVIC-IML.pool-1-thread-1(15)"},{"name":"feature","value":"Quote Creation"},{"name":"story","value":"Quote Creation"},{"name":"suite","value":"Quote Creation"},{"name":"testClass","value":"Quote Creation"},{"name":"framework","value":"cucumber4jvm"},{"name":"language","value":"java"},{"name":"gherkin_uri","value":"file:///C:/Users/astojanovic.ITHQ/Desktop/REPO/UWREFF/PURE_DEMO/src/test/java/feature_files/underwriting/utilities/QuoteCreation.feature"},{"name":"package","value":"src.test.java.feature_files.underwriting.utilities.QuoteCreation_feature.Quote Creation"}],"links":[]}